生成启动时间为 2/6/2017 7:36:12 PM。
     1>项目“E:\laboratory\mygithub\nowcoder\nowcoder\nowcoder\nowcoder.vcxproj”在节点 2 上(Build 个目标)。
     1>ClCompile:
         D:\Program Files (x86)\Microsoft Visual Studio 12.0\VC\bin\CL.exe /c /ZI /nologo /W3 /WX- /sdl /Od /Oy- /D WIN32 /D _DEBUG /D _CONSOLE /D _LIB /D _UNICODE /D UNICODE /Gm /EHsc /RTC1 /MDd /GS /fp:precise /Zc:wchar_t /Zc:forScope /Fo"Debug\\" /Fd"Debug\vc120.pdb" /Gd /TP /analyze- /errorReport:prompt jianzhioffer.cpp
         jianzhioffer.cpp
     1>e:\laboratory\mygithub\nowcoder\nowcoder\nowcoder\jianzhioffer.cpp(30): error C2065: “pDummyNode”: 未声明的标识符
     1>e:\laboratory\mygithub\nowcoder\nowcoder\nowcoder\jianzhioffer.cpp(51): error C2065: “pDummyNode”: 未声明的标识符
     1>e:\laboratory\mygithub\nowcoder\nowcoder\nowcoder\jianzhioffer.cpp(51): error C2227: “->next”的左边必须指向类/结构/联合/泛型类型
                 类型是“unknown-type”
     1>e:\laboratory\mygithub\nowcoder\nowcoder\nowcoder\jianzhioffer.cpp(59): warning C4018: “<”: 有符号/无符号不匹配
     1>e:\laboratory\mygithub\nowcoder\nowcoder\nowcoder\jianzhioffer.cpp(211): warning C4018: “<”: 有符号/无符号不匹配
     1>e:\laboratory\mygithub\nowcoder\nowcoder\nowcoder\jianzhioffer.cpp(214): warning C4018: “<”: 有符号/无符号不匹配
     1>e:\laboratory\mygithub\nowcoder\nowcoder\nowcoder\jianzhioffer.cpp(250): warning C4018: “<”: 有符号/无符号不匹配
     1>e:\laboratory\mygithub\nowcoder\nowcoder\nowcoder\jianzhioffer.cpp(253): warning C4018: “<”: 有符号/无符号不匹配
     1>e:\laboratory\mygithub\nowcoder\nowcoder\nowcoder\jianzhioffer.cpp(336): warning C4018: “<”: 有符号/无符号不匹配
     1>e:\laboratory\mygithub\nowcoder\nowcoder\nowcoder\jianzhioffer.cpp(361): warning C4018: “<”: 有符号/无符号不匹配
     1>已完成生成项目“E:\laboratory\mygithub\nowcoder\nowcoder\nowcoder\nowcoder.vcxproj”(Build 个目标)的操作 - 失败。

生成失败。

已用时间 00:00:00.60
